Starting server with Config HP="127.0.0.1:49165"|T="28800000"|R="false"|L="info"
time="2026-03-21T18:38:56-04:00" level=info msg="Creating root@localhost superuser"
time="2026-03-21T18:38:56-04:00" level=info msg="Server ready. Accepting connections."
time="2026-03-21T18:38:56-04:00" level=warning msg="secure_file_priv is set to \"\", which is insecure."
time="2026-03-21T18:38:56-04:00" level=warning msg="Any user with GRANT FILE privileges will be able to read any file which the sql-server process can read."
time="2026-03-21T18:38:56-04:00" level=warning msg="Please consider restarting the server with secure_file_priv set to a safe (or non-existent) directory."
time="2026-03-21T18:38:56-04:00" level=info msg=NewConnection DisableClientMultiStatements=false connectionID=1
time="2026-03-21T18:38:56-04:00" level=info msg=NewConnection DisableClientMultiStatements=false connectionID=2
time="2026-03-21T18:38:56-04:00" level=info msg=ConnectionClosed connectionID=1
time="2026-03-21T18:38:56-04:00" level=info msg=ConnectionClosed connectionID=2
time="2026-03-21T18:38:56-04:00" level=info msg=NewConnection DisableClientMultiStatements=false connectionID=3
time="2026-03-21T18:38:56-04:00" level=info msg=ConnectionClosed connectionID=3
time="2026-03-21T18:38:56-04:00" level=info msg=NewConnection DisableClientMultiStatements=false connectionID=4
time="2026-03-21T18:38:56-04:00" level=info msg=ConnectionClosed connectionID=4
time="2026-03-21T18:38:56-04:00" level=info msg=NewConnection DisableClientMultiStatements=false connectionID=5
time="2026-03-21T18:38:56-04:00" level=info msg=ConnectionClosed connectionID=5
time="2026-03-21T18:38:56-04:00" level=info msg=NewConnection DisableClientMultiStatements=false connectionID=6
time="2026-03-21T18:38:56-04:00" level=info msg=ConnectionClosed connectionID=6
time="2026-03-21T18:38:56-04:00" level=info msg=NewConnection DisableClientMultiStatements=false connectionID=7
time="2026-03-21T18:38:56-04:00" level=info msg=ConnectionClosed connectionID=7
time="2026-03-21T18:38:56-04:00" level=info msg=NewConnection DisableClientMultiStatements=false connectionID=8
time="2026-03-21T18:38:56-04:00" level=info msg=ConnectionClosed connectionID=8
time="2026-03-21T18:38:56-04:00" level=info msg=NewConnection DisableClientMultiStatements=false connectionID=9
time="2026-03-21T18:38:56-04:00" level=info msg=ConnectionClosed connectionID=9
time="2026-03-21T18:38:56-04:00" level=info msg=NewConnection DisableClientMultiStatements=false connectionID=10
time="2026-03-21T18:38:56-04:00" level=info msg=NewConnection DisableClientMultiStatements=false connectionID=11
time="2026-03-21T18:38:56-04:00" level=info msg=ConnectionClosed connectionID=10
time="2026-03-21T18:38:56-04:00" level=info msg=ConnectionClosed connectionID=11
time="2026-03-21T18:38:56-04:00" level=info msg=NewConnection DisableClientMultiStatements=false connectionID=12
time="2026-03-21T18:38:56-04:00" level=info msg=ConnectionClosed connectionID=12
time="2026-03-21T18:38:56-04:00" level=info msg=NewConnection DisableClientMultiStatements=false connectionID=13
time="2026-03-21T18:38:56-04:00" level=info msg=ConnectionClosed connectionID=13
time="2026-03-21T18:38:56-04:00" level=info msg=NewConnection DisableClientMultiStatements=false connectionID=14
time="2026-03-21T18:38:56-04:00" level=info msg=ConnectionClosed connectionID=14
time="2026-03-21T18:38:56-04:00" level=info msg=NewConnection DisableClientMultiStatements=false connectionID=15
time="2026-03-21T18:38:56-04:00" level=info msg=ConnectionClosed connectionID=15
time="2026-03-21T18:38:56-04:00" level=info msg=NewConnection DisableClientMultiStatements=false connectionID=16
time="2026-03-21T18:38:56-04:00" level=info msg=ConnectionClosed connectionID=16
time="2026-03-21T18:38:56-04:00" level=info msg=NewConnection DisableClientMultiStatements=false connectionID=17
time="2026-03-21T18:38:56-04:00" level=info msg=ConnectionClosed connectionID=17
time="2026-03-21T18:38:56-04:00" level=info msg=NewConnection DisableClientMultiStatements=false connectionID=18
time="2026-03-21T18:38:56-04:00" level=info msg=ConnectionClosed connectionID=18
time="2026-03-21T18:38:56-04:00" level=info msg=NewConnection DisableClientMultiStatements=false connectionID=19
time="2026-03-21T18:38:56-04:00" level=info msg=ConnectionClosed connectionID=19
time="2026-03-21T18:38:57-04:00" level=info msg=NewConnection DisableClientMultiStatements=false connectionID=20
time="2026-03-21T18:38:57-04:00" level=info msg=ConnectionClosed connectionID=20
time="2026-03-21T18:38:57-04:00" level=info msg=NewConnection DisableClientMultiStatements=false connectionID=21
time="2026-03-21T18:38:57-04:00" level=info msg=ConnectionClosed connectionID=21
time="2026-03-21T18:38:57-04:00" level=info msg=NewConnection DisableClientMultiStatements=false connectionID=22
time="2026-03-21T18:38:57-04:00" level=error msg="unable to process ComInitDB: database not found: beads" database=beads
time="2026-03-21T18:38:57-04:00" level=error msg="failed to set the database client 22 (127.0.0.1:49214): database not found: beads (errno 1049) (sqlstate HY000)"
time="2026-03-21T18:38:57-04:00" level=info msg=ConnectionClosed connectionID=22
time="2026-03-21T18:38:57-04:00" level=info msg=NewConnection DisableClientMultiStatements=false connectionID=23
time="2026-03-21T18:38:57-04:00" level=info msg=ConnectionClosed connectionID=23
time="2026-03-21T18:38:57-04:00" level=info msg=NewConnection DisableClientMultiStatements=false connectionID=24
time="2026-03-21T18:38:57-04:00" level=info msg=ConnectionClosed connectionID=24
time="2026-03-21T18:39:05-04:00" level=info msg=NewConnection DisableClientMultiStatements=false connectionID=25
time="2026-03-21T18:39:05-04:00" level=info msg=ConnectionClosed connectionID=25
time="2026-03-21T18:39:05-04:00" level=info msg=NewConnection DisableClientMultiStatements=false connectionID=26
time="2026-03-21T18:39:05-04:00" level=info msg=ConnectionClosed connectionID=26
time="2026-03-21T18:39:07-04:00" level=info msg="Server closing listener. No longer accepting connections."
time="2026-03-21T18:39:07-04:00" level=info msg="stats stopped: context canceled"
